<?xml version="1.0" encoding="UTF-8"?>
<!-- Generated by org.testng.reporters.JUnitReportReporter -->
<testsuite hostname="BD-PC" failures="0" tests="2" name="tests.E2EFlowTest" time="5.355" errors="0" timestamp="2025-07-26T17:02:49 CST" skipped="0">
  <testcase classname="tests.E2EFlowTest" name="testLoginAndDashboardAccess" time="4.449"/>
  <testcase classname="tests.E2EFlowTest" name="testCreateCategoryAndSubcategory" time="0.906"/>
</testsuite> <!-- tests.E2EFlowTest -->
