<?xml version="1.0" encoding="UTF-8"?>
<!-- Generated by org.testng.reporters.JUnitReportReporter -->
<testsuite hostname="BD-PC" failures="0" tests="2" name="tests.E2EFlowTest" time="4.278" errors="0" timestamp="2025-07-26T17:42:05 CST" skipped="0">
  <testcase classname="tests.E2EFlowTest" name="testLoginAndDashboardAccess" time="3.446"/>
  <testcase classname="tests.E2EFlowTest" name="testCreateCategoryAndSubcategory" time="0.832"/>
</testsuite> <!-- tests.E2EFlowTest -->
